2024-10-18 07:54:53,148 - INFO - url: https://github.com/zjykfy/yangfeiyue/raw/main/speedtest/txt/Tianjin_liantong.txt 获取成功，判断为m3u格式
2024-10-18 07:54:53,149 - INFO - url: https://github.com/zjykfy/yangfeiyue/raw/main/speedtest/txt/Tianjin_liantong.txt 爬取成功✅，包含频道分类: 央视高清, 卫视频道
2024-10-18 07:54:53,342 - INFO - url: https://github.com/zjykfy/yangfeiyue/raw/main/speedtest/txt/Zhejiang_dianxin.txt 获取成功，判断为m3u格式
2024-10-18 07:54:53,343 - INFO - url: https://github.com/zjykfy/yangfeiyue/raw/main/speedtest/txt/Zhejiang_dianxin.txt 爬取成功✅，包含频道分类: 卫视高清
2024-10-18 07:54:53,531 - INFO - url: https://github.com/zjykfy/yangfeiyue/raw/main/speedtest/txt/Beijing_liantong.txt 获取成功，判断为m3u格式
2024-10-18 07:54:53,531 - INFO - url: https://github.com/zjykfy/yangfeiyue/raw/main/speedtest/txt/Beijing_liantong.txt 爬取成功✅，包含频道分类: 央视高清, 本地高清, 卫视高清
2024-10-18 07:54:53,693 - INFO - url: https://github.com/zjykfy/yangfeiyue/raw/main/speedtest/txt/Shanghai_dianxin.txt 获取成功，判断为m3u格式
2024-10-18 07:54:53,693 - INFO - url: https://github.com/zjykfy/yangfeiyue/raw/main/speedtest/txt/Shanghai_dianxin.txt 爬取成功✅，包含频道分类: 央视频道, 卫视高清, 数字频道, 央视
2024-10-18 07:54:53,883 - INFO - url: https://github.com/zjykfy/yangfeiyue/raw/main/speedtest/txt/Guangdong_dianxin.txt 获取成功，判断为m3u格式
2024-10-18 07:54:53,883 - INFO - url: https://github.com/zjykfy/yangfeiyue/raw/main/speedtest/txt/Guangdong_dianxin.txt 爬取成功✅，包含频道分类: 卫视高清
2024-10-18 07:54:54,097 - INFO - url: https://github.com/zjykfy/yangfeiyue/raw/main/speedtest/txt/Henan_liantong.txt 获取成功，判断为m3u格式
2024-10-18 07:54:54,097 - INFO - url: https://github.com/zjykfy/yangfeiyue/raw/main/speedtest/txt/Henan_liantong.txt 爬取成功✅，包含频道分类: 卫视高清, 央视高清
2024-10-18 07:54:54,292 - INFO - url: https://github.com/zjykfy/yangfeiyue/raw/main/speedtest/txt/Sichuan_yidong.txt 获取成功，判断为m3u格式
2024-10-18 07:54:54,292 - INFO - url: https://github.com/zjykfy/yangfeiyue/raw/main/speedtest/txt/Sichuan_yidong.txt 爬取成功✅，包含频道分类: 本地高清
2024-10-18 07:54:54,473 - INFO - url: https://github.com/zjykfy/yangfeiyue/raw/main/speedtest/txt/Sichuan_dianxin.txt 获取成功，判断为m3u格式
2024-10-18 07:54:54,473 - INFO - url: https://github.com/zjykfy/yangfeiyue/raw/main/speedtest/txt/Sichuan_dianxin.txt 爬取成功✅，包含频道分类: 本地高清, 卫视高清, 电影, 影院高清
2024-10-18 07:54:54,705 - INFO - url: https://github.com/zjykfy/yangfeiyue/raw/main/speedtest/txt/Jiangsu_dianxin.txt 获取成功，判断为m3u格式
2024-10-18 07:54:54,705 - INFO - url: https://github.com/zjykfy/yangfeiyue/raw/main/speedtest/txt/Jiangsu_dianxin.txt 爬取成功✅，包含频道分类: 卫视高清
2024-10-18 07:54:54,880 - INFO - url: https://github.com/zjykfy/yangfeiyue/raw/main/speedtest/txt/Anhui_dianxin.txt 获取成功，判断为m3u格式
2024-10-18 07:54:54,880 - INFO - url: https://github.com/zjykfy/yangfeiyue/raw/main/speedtest/txt/Anhui_dianxin.txt 爬取成功✅，包含频道分类: 卫视高清
2024-10-18 07:54:55,112 - INFO - url: https://github.com/zjykfy/yangfeiyue/raw/main/speedtest/txt/Hubei_dianxin.txt 获取成功，判断为m3u格式
2024-10-18 07:54:55,112 - INFO - url: https://github.com/zjykfy/yangfeiyue/raw/main/speedtest/txt/Hubei_dianxin.txt 爬取成功✅，包含频道分类: 卫视高清
2024-10-18 07:54:55,308 - INFO - url: https://github.com/zjykfy/yangfeiyue/raw/main/speedtest/txt/Chongqing_liantong.txt 获取成功，判断为m3u格式
2024-10-18 07:54:55,309 - INFO - url: https://github.com/zjykfy/yangfeiyue/raw/main/speedtest/txt/Chongqing_liantong.txt 爬取成功✅，包含频道分类: 卫视高清
2024-10-18 07:54:55,551 - INFO - url: https://github.com/zjykfy/yangfeiyue/raw/main/speedtest/txt/Hunan_dianxin.txt 获取成功，判断为m3u格式
2024-10-18 07:54:55,551 - INFO - url: https://github.com/zjykfy/yangfeiyue/raw/main/speedtest/txt/Hunan_dianxin.txt 爬取成功✅，包含频道分类: 卫视高清
2024-10-18 07:54:55,752 - INFO - url: https://github.com/zjykfy/yangfeiyue/raw/main/speedtest/txt/Yuenan_FPT.txt 获取成功，判断为m3u格式
2024-10-18 07:54:55,752 - INFO - url: https://github.com/zjykfy/yangfeiyue/raw/main/speedtest/txt/Yuenan_FPT.txt 爬取成功✅，包含频道分类: 卫视频道, 港澳台
2024-10-18 07:54:55,997 - INFO - url: https://github.com/zjykfy/fei/raw/main/GAT/GAT.m3u 获取成功，判断为txt格式
2024-10-18 07:54:55,998 - INFO - url: https://github.com/zjykfy/fei/raw/main/GAT/GAT.m3u 爬取成功✅，包含频道分类: 港澳台
2024-10-18 07:54:56,173 - INFO - url: https://github.com/zjykfy/fei/raw/main/GAT/NEWTV.m3u 获取成功，判断为txt格式
2024-10-18 07:54:56,173 - INFO - url: https://github.com/zjykfy/fei/raw/main/GAT/NEWTV.m3u 爬取成功✅，包含频道分类: NEWTV
